from body: 
{"ime":"aavgb","opis":"aaa","izabranaPredstava":[]}from body: 
{"naziv":"abfbb","datum":"2024-02-24","vreme":"11:11","izabranoPozoriste":"3","izabraniZanr":"8","izabranaSala":"4","glumciInput":"4,2,3","cena":"123"}Record created successfully.{"naziv":"abfbb","datum":"2024-02-24","vreme":"11:11","izabranoPozoriste":"3","izabraniZanr":"8","izabranaSala":"4","glumciInput":"4,2,3","cena":"123"}Record created successfully.{"naziv":"abfbb","datum":"2024-02-24","vreme":"11:11","izabranoPozoriste":"3","izabraniZanr":"8","izabranaSala":"4","glumciInput":"4,2,3","cena":"123"}Record created successfully.{"naziv":"abfbb","datum":"2024-02-24","vreme":"11:11","izabranoPozoriste":"3","izabraniZanr":"8","izabranaSala":"4","glumciInput":"4,2,3","cena":"123"}from body: 
{"ime":"aaaaa","opis":"aaa","izabranaPredstava":[]}from body: 
{"ime":"aaaaa","opis":"aaa","izabranaPredstava":["9","12"]}Record created successfully.{"ime":"aaaaa","opis":"aaa","izabranaPredstava":["9","12"]}Record created successfully.{"ime":"aaaaa","opis":"aaa","izabranaPredstava":["9","12"]}from body: 
{"naziv":"abfaa","datum":"2024-02-25","vreme":"15:57","izabranoPozoriste":"3","izabraniZanr":"10","izabranaSala":"4","glumciInput":"1,3","cena":"123"}Record created successfully.{"naziv":"abfaa","datum":"2024-02-25","vreme":"15:57","izabranoPozoriste":"3","izabraniZanr":"10","izabranaSala":"4","glumciInput":"1,3","cena":"123"}Record created successfully.{"naziv":"abfaa","datum":"2024-02-25","vreme":"15:57","izabranoPozoriste":"3","izabraniZanr":"10","izabranaSala":"4","glumciInput":"1,3","cena":"123"}from body: 
{"ime":"aaaaa","opis":"aaa","izabranaPredstava":[]}from body: 
{"ime":"aaaaa","opis":"aaa","izabranaPredstava":[]}from body: 
{"ime":"aaaaa","opis":"aaa","izabranaPredstava":[]}from body: 
{"ime":"aaaaa","opis":"aaa","izabranaPredstava":[]}from body: 
{"ime":"aaaaa","opis":"aa","izabranaPredstava":[]}from body: 
{"ime":"aaaaa","opis":"aaa","izabranaPredstava":[]}from body: 
{"ime":"aaaaa","opis":"aaa","izabranaPredstava":[]}from body: 
{"ime":"aaaaa","opis":"aaa","izabranaPredstava":[]}from body: 
{"ime":"aaaaa","opis":"aa","izabranaPredstava":[]}from body: 
{"ime":"aaaaa","opis":"aa","izabranaPredstava":[]}from body: 
{"ime":"aaaaa","opis":"aa","izabranaPredstava":[]}from body: 
{"ime":"aavgb","opis":"aaa","izabranaPredstava":[]}from body: 
{"ime":"aavgb","opis":"aaa","izabranaPredstava":["10","8"]}Record created successfully.{"ime":"aavgb","opis":"aaa","izabranaPredstava":["10","8"]}Record created successfully.{"ime":"aavgb","opis":"aaa","izabranaPredstava":["10","8"]}from body: 
{"ime":"aavgb","opis":"aaa","izabranaPredstava":[]}from body: 
{"ime":"aavgb","opis":"aaa","izabranaPredstava":[]}from body: 
{"ime":"Zdravko Colic","opis":"aaa","izabranaPredstava":["12"]}Record created successfully.{"ime":"Zdravko Colic","opis":"aaa","izabranaPredstava":["12"]}from body: 
{"ime":"aaacc","opis":"cccc","izabranaPredstava":[]}from body: 
{"naziv":"abfbb","datum":"2024-02-24","vreme":"19:15","izabranoPozoriste":"3","izabraniZanr":"2","izabranaSala":"4","glumciInput":"1,3","cena":"123"}Record created successfully.{"naziv":"abfbb","datum":"2024-02-24","vreme":"19:15","izabranoPozoriste":"3","izabraniZanr":"2","izabranaSala":"4","glumciInput":"1,3","cena":"123"}Record created successfully.{"naziv":"abfbb","datum":"2024-02-24","vreme":"19:15","izabranoPozoriste":"3","izabraniZanr":"2","izabranaSala":"4","glumciInput":"1,3","cena":"123"}from body: 
{"ime":"aaadd","opis":"ddd","izabranaPredstava":[]}from body: 
{"ime":"aaadd","opis":"ddd","izabranaPredstava":["8","4"]}Record created successfully.{"ime":"aaadd","opis":"ddd","izabranaPredstava":["8","4"]}Record created successfully.{"ime":"aaadd","opis":"ddd","izabranaPredstava":["8","4"]}from body: 
{"naziv":"abfbb","datum":"2024-02-24","vreme":"21:49","izabranoPozoriste":"3","izabraniZanr":"12","izabranaSala":"4","glumciInput":"1,2","cena":"123"}Record created successfully.{"naziv":"abfbb","datum":"2024-02-24","vreme":"21:49","izabranoPozoriste":"3","izabraniZanr":"12","izabranaSala":"4","glumciInput":"1,2","cena":"123"}Record created successfully.{"naziv":"abfbb","datum":"2024-02-24","vreme":"21:49","izabranoPozoriste":"3","izabraniZanr":"12","izabranaSala":"4","glumciInput":"1,2","cena":"123"}from body: 
{"ime":"aaabb","opis":"aaa","izabranaPredstava":[]}from body: 
{"ime":"aaabb","opis":"aaa","izabranaPredstava":["11","4"]}Record created successfully.{"ime":"aaabb","opis":"aaa","izabranaPredstava":["11","4"]}Record created successfully.{"ime":"aaabb","opis":"aaa","izabranaPredstava":["11","4"]}from body: 
{"ime":"gggggg","opis":"ggg","izabranaPredstava":["10","7"]}Record created successfully.{"ime":"gggggg","opis":"ggg","izabranaPredstava":["10","7"]}Record created successfully.{"ime":"gggggg","opis":"ggg","izabranaPredstava":["10","7"]}